<?xml version="1.0" encoding="UTF-8"?>
<!-- Generated by org.testng.reporters.JUnitReportReporter -->
<testsuite hostname="FVFDR8Z7Q6LC" failures="0" tests="1" name="org.automation.AppTest" time="0.017" errors="0" timestamp="2021-03-06T18:46:47 CST" skipped="0">
  <testcase classname="org.automation.AppTest" name="shouldAnswerWithTrue" time="0.017"/>
</testsuite> <!-- org.automation.AppTest -->
